C51 COMPILER V9.51   ZAD2                                                                  05/06/2020 21:48:16 PAGE 1   


C51 COMPILER V9.51, COMPILATION OF MODULE ZAD2
OBJECT MODULE PLACED IN zad2.OBJ
COMPILER INVOKED BY: C:\Keil_v5\C51\BIN\C51.EXE zad2.c OMF2 BROWSE DEBUG TABS(2)

line level    source

*** WARNING C500 IN LINE 1 OF zad2.c: LICENSE ERROR (R207: REGISTRY READ ERROR)

   1          #include <REGX52.H>
   2          
   3          unsigned char code Tab[] = {0xEF, 0xDF, 0xBF, 0x7F};
   4          unsigned char data ind;                                       //zmienia sie w zakresie od 0 do 3
   5          
   6          extern void Setup(void);                                      //powiadomienie programu o funckji
   7          
   8          void main(void)
   9            {
  10   1          Setup();
  11   1          while(1)
  12   1            {
  13   2              P2 = Tab[ind];
  14   2              if(ind<0x03){ind++;}else{ind=0;}
  15   2            }
  16   1        }
  17            
  18          void Send(unsigned char Value)
  19            {
  20   1          TI=0;                                               // bit powiazany z portem szeregowym
  21   1            SBUF=Value;
  22   1            while(TI==0){;}
  23   1          TI=0;
  24   1        }
  25            
  26          void ISR_Key(void) interrupt 0                                  //zrodla przerwan 
  27            {
  28   1          unsigned char data Znak;
  29   1          
  30   1          EX0=0;                                                      //WYLACZONY Z OBSLUGI
  31   1            Znak=P2;
  32   1              if(Znak==0xE7)
  33   1                {
  34   2                  Send('1');
  35   2                }       
  36   1                if(Znak==0xEB)
  37   1                {
  38   2                  Send('2');
  39   2                }
  40   1                if(Znak==0xED)
  41   1                {
  42   2                  Send('3');
  43   2                }
  44   1                if(Znak==0xD7)
  45   1                {
  46   2                  Send('4');
  47   2                }
  48   1                if(Znak==0xDB)
  49   1                {
  50   2                  Send('5');
  51   2                }
  52   1                if(Znak==0xDD)
  53   1                {
  54   2                  Send('6');
C51 COMPILER V9.51   ZAD2                                                                  05/06/2020 21:48:16 PAGE 2   

  55   2                }
  56   1                if(Znak==0xB7)
  57   1                {
  58   2                  Send('7');
  59   2                }
  60   1                if(Znak==0xBB)
  61   1                {
  62   2                  Send('8');
  63   2                }
  64   1                if(Znak==0xBD)
  65   1                {
  66   2                  Send('9');
  67   2                }
  68   1                if(Znak==0x77)
  69   1                {
  70   2                  Send('*');
  71   2                }
  72   1                if(Znak==0x7B)
  73   1                {
  74   2                  Send('0');
  75   2                }
  76   1                if(Znak==0x7D)
  77   1                {
  78   2                  Send('#');
  79   2                }
  80   1              while(P3_2==0x00){;}
  81   1            IE0=0;
  82   1          EX0=1;
  83   1        }
  84            
  85          void Setup(void)
  86            {
  87   1          ind = 0;
  88   1          SCON=0x40;                                //ustawienie portu szeregowego na 8bitach
  89   1          RCAP2L=TL2=0xEE;                          //ustaweineie timer 2, dolaczenie do portu szeregowego i konfiguracja, tim
             -er jest  16boitowy
  90   1          RCAP2H=TH2=0xFF; 
  91   1          TCLK=1;                                   //wlaczony nadajnik portu szeregowego
  92   1          TR2=1;                                    //timer jest uruchomiony
  93   1          IT0 = 1;                                  //Obsluga zbocza opadajacego, kazde wcisniecie przycisku powoduje zapalenie ni
             -ebieskiego kwadracika
  94   1          EX0 = 1;                                  //wlacza przerwanie od IT0
  95   1          EA = 1;                                   // Na koncu wszystkich przerwan (wpuszczanie gosci) wlaczania globalnej maski e
             -nable all, wlacza wszystkie obslugi przerwan
  96   1        }


MODULE INFORMATION:   STATIC OVERLAYABLE
   CODE SIZE        =    192    ----
   CONSTANT SIZE    =      4    ----
   XDATA SIZE       =   ----    ----
   PDATA SIZE       =   ----    ----
   DATA SIZE        =      1    ----
   IDATA SIZE       =   ----    ----
   BIT SIZE         =   ----    ----
   EDATA SIZE       =   ----    ----
   HDATA SIZE       =   ----    ----
   XDATA CONST SIZE =   ----    ----
   FAR CONST SIZE   =   ----    ----
END OF MODULE INFORMATION.


C51 COMPILATION COMPLETE.  1 WARNING(S),  0 ERROR(S)
