C51 COMPILER V9.51   U5                                                                    09/13/2020 20:23:41 PAGE 1   


C51 COMPILER V9.51, COMPILATION OF MODULE U5
OBJECT MODULE PLACED IN u5.OBJ
COMPILER INVOKED BY: C:\Keil_v5\C51\BIN\C51.EXE u5.c OMF2 BROWSE DEBUG TABS(2)

line level    source

*** WARNING C500 IN LINE 1 OF u5.c: LICENSE ERROR (R207: REGISTRY READ ERROR)

   1          #include <REGX52.H>
   2          #define Zapal P0_0=0
   3          #define Zgas P0_0=1
   4          
   5          //int poz[]={0xE7,0xED,0xDB,0xB7,0xBD,0x7B,0xEB,0xDD,0xBB,0x77,0x7D};
   6          
   7          unsigned char bdata Key;
   8          sbit Key_4=Key^4;
   9          sbit Key_5=Key^5;
  10          sbit Key_6=Key^6;
  11          sbit Key_7=Key^7;
  12          
  13          void wait(void)
  14          {
  15   1        unsigned char data i,j;
  16   1        for (i=0; i<100; i++)
  17   1          for (j=0; j<100; j++)
  18   1        {;}
  19   1      }
  20          
  21          void work1(void)
  22          {
  23   1        unsigned char data i;
  24   1        for (i=1; i>0; i--)
  25   1        {
  26   2          Zapal;
  27   2          wait();
  28   2          Zgas;
  29   2          wait();
  30   2        }
  31   1      }
  32          
  33          void work2(void)
  34          {
  35   1        unsigned char data i;
  36   1        for (i=2; i>0; i--)
  37   1        {
  38   2          Zapal;
  39   2          wait();
  40   2          Zgas;
  41   2          wait();
  42   2        }
  43   1      }
  44          
  45          void work12(void)
  46          {
  47   1        unsigned char data i;
  48   1        for (i=12; i>0; i--)
  49   1        {
  50   2          Zapal;
  51   2          wait();
  52   2          Zgas;
  53   2          wait();
  54   2        }
C51 COMPILER V9.51   U5                                                                    09/13/2020 20:23:41 PAGE 2   

  55   1      }
  56          
  57          void main(void)
  58          {
  59   1        unsigned char code Koder[]={0xFD,0xFB,0xF7,0xFD};
  60   1        unsigned char data index=0;
  61   1        bit Ready=1;
  62   1      
  63   1       while(1)
  64   1        {
  65   2          P2=Koder[index];
  66   2          Key=P2;
  67   2          if ((Key_4&Key_5&Key_6&Key_7)==0)
  68   2          {
  69   3            if (Ready==1)
  70   3            {
  71   4              switch(Key)
  72   4            {
  73   5              case 0xE7:
  74   5              {
  75   6                work1();
  76   6                break;
  77   6              }
  78   5              case 0xEB:
  79   5              {
  80   6                work12();
  81   6                break;
  82   6              }
  83   5              case 0xED:
  84   5              {
  85   6                work1();
  86   6                break;
  87   6              }
  88   5              case 0xD7:
  89   5              {
  90   6                work1();
  91   6                break;
  92   6              }
  93   5              case 0xDB:
  94   5              {
  95   6                work2();
  96   6                break;
  97   6              }
  98   5              case 0xDD:
  99   5              {
 100   6                work1();
 101   6                break;
 102   6              }
 103   5              case 0xB7:
 104   5              {
 105   6                work1();
 106   6                break;
 107   6              }
 108   5              case 0xBB:
 109   5              {
 110   6                work1();
 111   6                break;
 112   6              }
 113   5              case 0xBD:
 114   5              {
 115   6                work2();
 116   6                break;
C51 COMPILER V9.51   U5                                                                    09/13/2020 20:23:41 PAGE 3   

 117   6              }
 118   5              case 0x77:
 119   5              {
 120   6                work1();
 121   6                break;
 122   6              }
 123   5              case 0x7B:
 124   5              {
 125   6                work2();
 126   6                break;
 127   6              }
 128   5              case 0x7D:
 129   5              {
 130   6                work2();
 131   6                break;
 132   6              }
 133   5            }
 134   4            Ready=0;
 135   4          }
 136   3        }
 137   2          else
 138   2          {
 139   3            if (index<0x03)
 140   3            {
 141   4              index++;
 142   4            }
 143   3            else
 144   3            {
 145   4              index=0x00;
 146   4            }
 147   3            Ready=1;
 148   3          }
 149   2        }
 150   1      }


MODULE INFORMATION:   STATIC OVERLAYABLE
   CODE SIZE        =    171    ----
   CONSTANT SIZE    =      4    ----
   XDATA SIZE       =   ----    ----
   PDATA SIZE       =   ----    ----
   DATA SIZE        =      1       1
   IDATA SIZE       =   ----    ----
   BIT SIZE         =   ----       1
   EDATA SIZE       =   ----    ----
   HDATA SIZE       =   ----    ----
   XDATA CONST SIZE =   ----    ----
   FAR CONST SIZE   =   ----    ----
END OF MODULE INFORMATION.


C51 COMPILATION COMPLETE.  1 WARNING(S),  0 ERROR(S)
