C51 COMPILER V9.51   ZAD1                                                                  05/13/2020 17:47:13 PAGE 1   


C51 COMPILER V9.51, COMPILATION OF MODULE ZAD1
OBJECT MODULE PLACED IN zad1.OBJ
COMPILER INVOKED BY: C:\Keil_v5\C51\BIN\C51.EXE zad1.c OMF2 BROWSE DEBUG TABS(2)

line level    source

*** WARNING C500 IN LINE 1 OF zad1.c: LICENSE ERROR (R207: REGISTRY READ ERROR)

   1          #include <REGX52.H>
   2          
   3          // PWM_Pin
   4          sbit PWM_Pin = P2^0;       // Pin P2.0 to PWM_Pin
   5          
   6          // deklaracje
   7          void InitTimer0(void);
   8          void InitPWM(void);
   9          
  10          // zmienne globalne
  11          unsigned char PWM = 0;    // wartosc od 0 (0% duty cycle) do 255 (100% duty cycle)
  12          unsigned int temp = 0;    // zmienna robocza w procedurze obslugi przerwania Timer0
  13          
  14          
  15          #define PWM_Freq_Num   54  //  1 = najwyzsza czestotliwosc gdy PWM_Freq_Num, zakres 1 - 255
  16          
  17          
  18          // Main Function
  19          int main(void)
  20          {
  21   1         InitPWM();              // Start PWM
  22   1       
  23   1         PWM = 117;              // 127 = 50% wspolczynnik wypelnienia
  24   1      
  25   1         while(1) {;}
  26   1      }
  27          
  28          
  29          // Timer0 init
  30          void InitTimer0(void)
  31          {
  32   1        TMOD &= 0xF0;    // wyzeruj bity dla Timer0
  33   1        TMOD |= 0x01;    // ustaw tryb mode 1 = 16bit mode
  34   1        
  35   1        TH0 = 0x00;      // Pierwsze
  36   1        TL0 = 0x00;      // ustawienie
  37   1        
  38   1        ET0 = 1;         // Enable Timer0 interrupts
  39   1        EA  = 1;         // Enable All
  40   1        
  41   1        TR0 = 1;         // Start Timer 0
  42   1      }
  43          
  44          // PWM init
  45          void InitPWM(void)
  46          {
  47   1        PWM = 0;         // poczatkowo zero
  48   1        InitTimer0();    // Init Timer0 dla rozpoczecia generacji przerwan
  49   1      }
  50          
  51          // Timer0 ISR
  52          void Timer0_ISR (void) interrupt 1   
  53          {
  54   1        TR0 = 0;    // Stop Timer 0
C51 COMPILER V9.51   ZAD1                                                                  05/13/2020 17:47:13 PAGE 2   

  55   1      
  56   1        if(PWM_Pin) // if PWM_Pin =1 wyzeruj sygnal PWM i zaladuj licznik
  57   1        {
  58   2          PWM_Pin = 0;
  59   2          temp = (255-PWM)*PWM_Freq_Num;
  60   2          TH0  = 0xFF - (temp>>8)&0xFF;
  61   2          TL0  = 0xFF - temp&0xFF;  
  62   2        }
  63   1        else       // if PWM_Pin =0 ustaw pin na 1 i zaladuj licznik
  64   1        {
  65   2          PWM_Pin = 1;
  66   2          temp = PWM*PWM_Freq_Num;
  67   2          TH0  = 0xFF - (temp>>8)&0xFF;
  68   2          TL0  = 0xFF - temp&0xFF;
  69   2        }
  70   1      
  71   1        TF0 = 0;     // wyczysc flage
  72   1        TR0 = 1;     // Start Timer 0
  73   1      }


MODULE INFORMATION:   STATIC OVERLAYABLE
   CODE SIZE        =    134    ----
   CONSTANT SIZE    =   ----    ----
   XDATA SIZE       =   ----    ----
   PDATA SIZE       =   ----    ----
   DATA SIZE        =      3    ----
   IDATA SIZE       =   ----    ----
   BIT SIZE         =   ----    ----
   EDATA SIZE       =   ----    ----
   HDATA SIZE       =   ----    ----
   XDATA CONST SIZE =   ----    ----
   FAR CONST SIZE   =   ----    ----
END OF MODULE INFORMATION.


C51 COMPILATION COMPLETE.  1 WARNING(S),  0 ERROR(S)
