C51 COMPILER V9.51   PROG2                                                                 04/10/2020 14:02:13 PAGE 1   


C51 COMPILER V9.51, COMPILATION OF MODULE PROG2
OBJECT MODULE PLACED IN prog2.OBJ
COMPILER INVOKED BY: C:\Keil_v5\C51\BIN\C51.EXE prog2.c OMF2 BROWSE DEBUG TABS(2)

line level    source

*** WARNING C500 IN LINE 1 OF prog2.c: LICENSE ERROR (R207: REGISTRY READ ERROR)

   1          #include <REGX52.H>
   2          
   3          void Delay(void);
   4          void Delay1(void);
   5          
   6          void main (void)
   7          
   8          {
   9   1         while(1)
  10   1         {
  11   2            P2 = 0x3F;
  12   2          Delay ();    
  13   2            P2 = 0xCF;
  14   2          Delay1 ();
  15   2            P2 = 0xF3;
  16   2          Delay ();   
  17   2            P2 = 0xFC;
  18   2          Delay1 ();
  19   2      
  20   2         }
  21   1       }
  22          
  23          
  24          void Delay(void)
  25          {
  26   1         int j;
  27   1         int i;
  28   1         for(i=0;i<100;i++)
  29   1         {
  30   2            for(j=0;j<100;j++){}
  31   2         }
  32   1      }
  33          
  34          void Delay1(void)
  35          {
  36   1        int i;
  37   1        int j;
  38   1         for(i=0;i<200;i++)
  39   1         {
  40   2            for(j=0;j<200;j++){}
  41   2         }
  42   1      }


MODULE INFORMATION:   STATIC OVERLAYABLE
   CODE SIZE        =     84    ----
   CONSTANT SIZE    =   ----    ----
   XDATA SIZE       =   ----    ----
   PDATA SIZE       =   ----    ----
   DATA SIZE        =   ----    ----
   IDATA SIZE       =   ----    ----
   BIT SIZE         =   ----    ----
   EDATA SIZE       =   ----    ----
   HDATA SIZE       =   ----    ----
C51 COMPILER V9.51   PROG2                                                                 04/10/2020 14:02:13 PAGE 2   

   XDATA CONST SIZE =   ----    ----
   FAR CONST SIZE   =   ----    ----
END OF MODULE INFORMATION.


C51 COMPILATION COMPLETE.  1 WARNING(S),  0 ERROR(S)
