C51 COMPILER V9.51   PROG1                                                                 04/10/2020 12:38:12 PAGE 1   


C51 COMPILER V9.51, COMPILATION OF MODULE PROG1
OBJECT MODULE PLACED IN prog1.OBJ
COMPILER INVOKED BY: C:\Keil_v5\C51\BIN\C51.EXE prog1.c OMF2 BROWSE DEBUG TABS(2)

line level    source

*** WARNING C500 IN LINE 1 OF prog1.c: LICENSE ERROR (R207: REGISTRY READ ERROR)

   1          #include <REGX52.H>
   2          
   3          void Delay(void);
   4          
   5          void main (void)
   6          
   7          {
   8   1         while(1)
   9   1         {
  10   2            P2 = 0xFE;
  11   2          Delay ();
  12   2            P2 = 0xFD;
  13   2          Delay ();
  14   2            P2 = 0xFB;
  15   2          Delay ();
  16   2            P2 = 0xF7;
  17   2          Delay ();
  18   2            P2 = 0xEF;
  19   2          Delay ();    
  20   2            P2 = 0xDF;
  21   2          Delay ();
  22   2            P2 = 0xBF;
  23   2          Delay ();
  24   2           P2 = 0x7F;
  25   2          Delay ();
  26   2              
  27   2         }
  28   1      }
  29          
  30          void Delay(void)
  31          {
  32   1         int j;
  33   1         int i;
  34   1         for(i=0;i<100;i++)
  35   1         {
  36   2            for(j=0;j<100;j++){}
  37   2         }
  38   1      }


MODULE INFORMATION:   STATIC OVERLAYABLE
   CODE SIZE        =     79    ----
   CONSTANT SIZE    =   ----    ----
   XDATA SIZE       =   ----    ----
   PDATA SIZE       =   ----    ----
   DATA SIZE        =   ----    ----
   IDATA SIZE       =   ----    ----
   BIT SIZE         =   ----    ----
   EDATA SIZE       =   ----    ----
   HDATA SIZE       =   ----    ----
   XDATA CONST SIZE =   ----    ----
   FAR CONST SIZE   =   ----    ----
END OF MODULE INFORMATION.


C51 COMPILATION COMPLETE.  1 WARNING(S),  0 ERROR(S)
